30.10.2021 00:32:39.517 [main] INFO   e.c.o.j.p.game.Game - The game was started.
30.10.2021 00:32:39.596 [main] INFO   e.c.o.j.p.game.Game - 1 card - CLUBS TWO
30.10.2021 00:32:39.615 [main] INFO   e.c.o.j.p.game.Game - 2 card - CLUBS FOUR
30.10.2021 00:32:39.617 [main] INFO   e.c.o.j.p.game.Game - 3 card - HEARTS FIVE
30.10.2021 00:32:39.619 [main] INFO   e.c.o.j.p.game.Game - 4 card - CLUBS SIX
30.10.2021 00:32:39.621 [main] INFO   e.c.o.j.p.game.Game - 5 card - SPADES QUEEN
30.10.2021 00:32:49.858 [main] INFO   e.c.o.j.p.game.Game - Card 1 was changed.
30.10.2021 00:32:51.061 [main] INFO   e.c.o.j.p.game.Game - Card 2 was changed.
30.10.2021 00:32:51.895 [main] INFO   e.c.o.j.p.game.Game - Card 3 was changed.
30.10.2021 00:32:52.442 [main] INFO   e.c.o.j.p.game.Game - Card 4 was changed.
30.10.2021 00:32:52.954 [main] INFO   e.c.o.j.p.game.Game - Card 5 was changed.
30.10.2021 00:32:55.749 [main] INFO   e.c.o.j.p.game.Game - The game was started.
30.10.2021 00:32:55.751 [main] INFO   e.c.o.j.p.game.Game - 1 card - DIAMONDS ACE
30.10.2021 00:32:55.752 [main] INFO   e.c.o.j.p.game.Game - 2 card - SPADES THREE
30.10.2021 00:32:55.753 [main] INFO   e.c.o.j.p.game.Game - 3 card - DIAMONDS THREE
30.10.2021 00:32:55.754 [main] INFO   e.c.o.j.p.game.Game - 4 card - SPADES FOUR
30.10.2021 00:32:55.754 [main] INFO   e.c.o.j.p.game.Game - 5 card - SPADES JACK
30.10.2021 00:32:58.422 [main] INFO   e.c.o.j.p.game.Game - Card 1 not changed.
30.10.2021 00:32:58.882 [main] INFO   e.c.o.j.p.game.Game - Card 2 not changed.
30.10.2021 00:32:59.305 [main] INFO   e.c.o.j.p.game.Game - Card 3 not changed.
30.10.2021 00:32:59.885 [main] INFO   e.c.o.j.p.game.Game - Card 4 not changed.
30.10.2021 00:33:00.577 [main] INFO   e.c.o.j.p.game.Game - Card 5 not changed.
30.10.2021 00:33:02.005 [main] INFO   e.c.o.j.p.game.Game - The game was ended.
30.10.2021 00:33:28.022 [main] INFO   e.c.o.j.p.game.Game - The game was started.
30.10.2021 00:33:28.057 [main] INFO   e.c.o.j.p.game.Poker - 1 card - DIAMONDS FIVE
30.10.2021 00:33:28.073 [main] INFO   e.c.o.j.p.game.Poker - 2 card - CLUBS SIX
30.10.2021 00:33:28.074 [main] INFO   e.c.o.j.p.game.Poker - 3 card - DIAMONDS SEVEN
30.10.2021 00:33:28.074 [main] INFO   e.c.o.j.p.game.Poker - 4 card - HEARTS EIGHT
30.10.2021 00:33:28.075 [main] INFO   e.c.o.j.p.game.Poker - 5 card - HEARTS JACK
30.10.2021 00:33:30.680 [main] INFO   e.c.o.j.p.game.Poker - Card 1 was changed.
30.10.2021 00:33:31.421 [main] INFO   e.c.o.j.p.game.Poker - Card 2 was changed.
30.10.2021 00:33:31.905 [main] INFO   e.c.o.j.p.game.Poker - Card 3 was changed.
30.10.2021 00:33:32.361 [main] INFO   e.c.o.j.p.game.Poker - Card 4 was changed.
30.10.2021 00:33:33.035 [main] INFO   e.c.o.j.p.game.Poker - Card 5 was changed.
30.10.2021 00:33:34.591 [main] INFO   e.c.o.j.p.game.Game - The game was started.
30.10.2021 00:33:34.594 [main] INFO   e.c.o.j.p.game.Poker - 1 card - DIAMONDS TWO
30.10.2021 00:33:34.595 [main] INFO   e.c.o.j.p.game.Poker - 2 card - SPADES NINE
30.10.2021 00:33:34.596 [main] INFO   e.c.o.j.p.game.Poker - 3 card - HEARTS TEN
30.10.2021 00:33:34.598 [main] INFO   e.c.o.j.p.game.Poker - 4 card - CLUBS JACK
30.10.2021 00:33:34.599 [main] INFO   e.c.o.j.p.game.Poker - 5 card - DIAMONDS JACK
30.10.2021 00:33:38.179 [main] INFO   e.c.o.j.p.game.Poker - Card 1 not changed.
30.10.2021 00:33:38.699 [main] INFO   e.c.o.j.p.game.Poker - Card 2 not changed.
30.10.2021 00:33:39.158 [main] INFO   e.c.o.j.p.game.Poker - Card 3 not changed.
30.10.2021 00:33:39.574 [main] INFO   e.c.o.j.p.game.Poker - Card 4 not changed.
30.10.2021 00:33:40.368 [main] INFO   e.c.o.j.p.game.Poker - Card 5 not changed.
30.10.2021 00:33:41.707 [main] INFO   e.c.o.j.p.game.Poker - The game was ended.
30.10.2021 00:52:59.879 [main] INFO   e.c.o.j.p.game.Game - The game was started.
30.10.2021 01:20:41.231 [main] INFO   e.c.o.j.p.game.Game - The game was started.
30.10.2021 01:20:41.281 [main] INFO   e.c.o.j.p.game.Poker - 1 card - HEARTS FIVE
30.10.2021 01:20:41.299 [main] INFO   e.c.o.j.p.game.Poker - 2 card - SPADES FIVE
30.10.2021 01:20:41.301 [main] INFO   e.c.o.j.p.game.Poker - 3 card - SPADES SIX
30.10.2021 01:20:41.302 [main] INFO   e.c.o.j.p.game.Poker - 4 card - HEARTS SIX
30.10.2021 01:20:41.303 [main] INFO   e.c.o.j.p.game.Poker - 5 card - HEARTS TEN
30.10.2021 01:20:52.055 [main] INFO   e.c.o.j.p.game.Poker - Card 1 not changed.
30.10.2021 01:20:52.966 [main] INFO   e.c.o.j.p.game.Poker - Card 2 not changed.
30.10.2021 01:20:53.781 [main] INFO   e.c.o.j.p.game.Poker - Card 3 not changed.
30.10.2021 01:20:55.218 [main] INFO   e.c.o.j.p.game.Poker - Card 4 not changed.
30.10.2021 01:20:58.085 [main] INFO   e.c.o.j.p.game.Poker - Card 5 was changed.
30.10.2021 01:22:07.731 [main] INFO   e.c.o.j.p.game.Game - The game was started.
30.10.2021 01:22:07.781 [main] INFO   e.c.o.j.p.game.Poker - 1 card - DIAMONDS ACE
30.10.2021 01:22:07.796 [main] INFO   e.c.o.j.p.game.Poker - 2 card - CLUBS TWO
30.10.2021 01:22:07.797 [main] INFO   e.c.o.j.p.game.Poker - 3 card - HEARTS NINE
30.10.2021 01:22:07.799 [main] INFO   e.c.o.j.p.game.Poker - 4 card - CLUBS JACK
30.10.2021 01:22:07.800 [main] INFO   e.c.o.j.p.game.Poker - 5 card - DIAMONDS KING
30.10.2021 01:22:17.073 [main] INFO   e.c.o.j.p.game.Poker - Card 1 not changed.
30.10.2021 01:22:17.617 [main] INFO   e.c.o.j.p.game.Poker - Card 2 not changed.
30.10.2021 01:22:18.119 [main] INFO   e.c.o.j.p.game.Poker - Card 3 not changed.
30.10.2021 01:22:18.679 [main] INFO   e.c.o.j.p.game.Poker - Card 4 not changed.
30.10.2021 01:22:19.416 [main] INFO   e.c.o.j.p.game.Poker - Card 5 not changed.
30.10.2021 01:25:16.039 [main] INFO   e.c.o.j.p.game.Game - The game was started.
30.10.2021 01:25:16.082 [main] INFO   e.c.o.j.p.game.Poker - 1 card - HEARTS ACE
30.10.2021 01:25:16.101 [main] INFO   e.c.o.j.p.game.Poker - 2 card - CLUBS THREE
30.10.2021 01:25:16.103 [main] INFO   e.c.o.j.p.game.Poker - 3 card - CLUBS FOUR
30.10.2021 01:25:16.104 [main] INFO   e.c.o.j.p.game.Poker - 4 card - SPADES TEN
30.10.2021 01:25:16.105 [main] INFO   e.c.o.j.p.game.Poker - 5 card - CLUBS KING
30.10.2021 01:25:21.571 [main] INFO   e.c.o.j.p.game.Poker - Card 1 was changed.
30.10.2021 01:25:22.688 [main] INFO   e.c.o.j.p.game.Poker - Card 2 was changed.
30.10.2021 01:25:23.180 [main] INFO   e.c.o.j.p.game.Poker - Card 3 was changed.
30.10.2021 01:25:23.597 [main] INFO   e.c.o.j.p.game.Poker - Card 4 was changed.
30.10.2021 01:25:24.050 [main] INFO   e.c.o.j.p.game.Poker - Card 5 was changed.
30.10.2021 17:13:13.352 [main] INFO   e.c.o.j.p.game.Game - The game was started.
30.10.2021 17:13:13.418 [main] INFO   e.c.o.j.p.game.Poker - 1 card - HEARTS THREE
30.10.2021 17:13:13.431 [main] INFO   e.c.o.j.p.game.Poker - 2 card - CLUBS FOUR
30.10.2021 17:13:13.432 [main] INFO   e.c.o.j.p.game.Poker - 3 card - DIAMONDS EIGHT
30.10.2021 17:13:13.433 [main] INFO   e.c.o.j.p.game.Poker - 4 card - SPADES NINE
30.10.2021 17:13:13.434 [main] INFO   e.c.o.j.p.game.Poker - 5 card - SPADES TEN
30.10.2021 17:13:17.467 [main] INFO   e.c.o.j.p.game.Poker - Card 1 was changed.
30.10.2021 17:13:18.715 [main] INFO   e.c.o.j.p.game.Poker - Card 2 was changed.
30.10.2021 17:13:19.377 [main] INFO   e.c.o.j.p.game.Poker - Card 3 was changed.
30.10.2021 17:13:19.893 [main] INFO   e.c.o.j.p.game.Poker - Card 4 was changed.
30.10.2021 17:13:20.436 [main] INFO   e.c.o.j.p.game.Poker - Card 5 was changed.
30.10.2021 17:14:25.169 [main] INFO   e.c.o.j.p.game.Game - The game was started.
30.10.2021 17:14:39.474 [main] INFO   e.c.o.j.p.game.Poker - 1 card - HEARTS TEN
30.10.2021 17:14:43.560 [main] INFO   e.c.o.j.p.game.Poker - 2 card - SPADES QUEEN
30.10.2021 17:14:44.478 [main] INFO   e.c.o.j.p.game.Poker - 3 card - CLUBS QUEEN
30.10.2021 17:14:45.354 [main] INFO   e.c.o.j.p.game.Poker - 4 card - DIAMONDS KING
30.10.2021 17:14:46.526 [main] INFO   e.c.o.j.p.game.Poker - 5 card - HEARTS KING
30.10.2021 17:14:56.823 [main] INFO   e.c.o.j.p.game.Poker - Card 1 was changed.
30.10.2021 17:14:57.956 [main] INFO   e.c.o.j.p.game.Poker - Card 2 was changed.
30.10.2021 17:14:58.696 [main] INFO   e.c.o.j.p.game.Poker - Card 3 was changed.
30.10.2021 17:14:59.419 [main] INFO   e.c.o.j.p.game.Poker - Card 4 was changed.
30.10.2021 17:15:00.163 [main] INFO   e.c.o.j.p.game.Poker - Card 5 was changed.
30.10.2021 17:16:35.340 [main] INFO   e.c.o.j.p.game.Game - The game was started.
30.10.2021 17:16:35.380 [main] INFO   e.c.o.j.p.game.Poker - 1 card - CLUBS SEVEN
30.10.2021 17:16:35.406 [main] INFO   e.c.o.j.p.game.Poker - 2 card - CLUBS NINE
30.10.2021 17:16:35.407 [main] INFO   e.c.o.j.p.game.Poker - 3 card - HEARTS TEN
30.10.2021 17:16:35.408 [main] INFO   e.c.o.j.p.game.Poker - 4 card - CLUBS JACK
30.10.2021 17:16:35.409 [main] INFO   e.c.o.j.p.game.Poker - 5 card - HEARTS JACK
30.10.2021 17:16:37.093 [main] INFO   e.c.o.j.p.game.Poker - Card 1 was changed.
30.10.2021 17:16:38.288 [main] INFO   e.c.o.j.p.game.Poker - Card 2 was changed.
30.10.2021 17:16:38.743 [main] INFO   e.c.o.j.p.game.Poker - Card 3 was changed.
30.10.2021 17:16:39.124 [main] INFO   e.c.o.j.p.game.Poker - Card 4 was changed.
30.10.2021 17:16:39.613 [main] INFO   e.c.o.j.p.game.Poker - Card 5 was changed.
30.10.2021 17:16:39.617 [main] INFO   e.c.o.j.p.game.Poker - 1 card - DIAMONDS FIVE
30.10.2021 17:16:39.619 [main] INFO   e.c.o.j.p.game.Poker - 2 card - HEARTS ACE
30.10.2021 17:16:39.620 [main] INFO   e.c.o.j.p.game.Poker - 3 card - HEARTS FIVE
30.10.2021 17:16:39.621 [main] INFO   e.c.o.j.p.game.Poker - 4 card - SPADES JACK
30.10.2021 17:16:39.623 [main] INFO   e.c.o.j.p.game.Poker - 5 card - SPADES FIVE
30.10.2021 17:17:32.714 [main] INFO   e.c.o.j.p.game.Game - The game was started.
30.10.2021 17:17:32.844 [main] INFO   e.c.o.j.p.game.Poker - 1 card - HEARTS TWO
30.10.2021 17:17:32.878 [main] INFO   e.c.o.j.p.game.Poker - 2 card - DIAMONDS THREE
30.10.2021 17:17:32.879 [main] INFO   e.c.o.j.p.game.Poker - 3 card - CLUBS SIX
30.10.2021 17:17:32.881 [main] INFO   e.c.o.j.p.game.Poker - 4 card - CLUBS SEVEN
30.10.2021 17:17:32.882 [main] INFO   e.c.o.j.p.game.Poker - 5 card - HEARTS JACK
30.10.2021 17:17:35.490 [main] INFO   e.c.o.j.p.game.Poker - Card 1 was changed.
30.10.2021 17:17:36.002 [main] INFO   e.c.o.j.p.game.Poker - Card 2 was changed.
30.10.2021 17:17:36.455 [main] INFO   e.c.o.j.p.game.Poker - Card 3 was changed.
30.10.2021 17:17:37.166 [main] INFO   e.c.o.j.p.game.Poker - Card 4 was changed.
30.10.2021 17:17:37.805 [main] INFO   e.c.o.j.p.game.Poker - Card 5 was changed.
30.10.2021 17:17:37.808 [main] INFO   e.c.o.j.p.game.Poker - 1 card - DIAMONDS FOUR
30.10.2021 17:17:37.810 [main] INFO   e.c.o.j.p.game.Poker - 2 card - SPADES THREE
30.10.2021 17:17:37.811 [main] INFO   e.c.o.j.p.game.Poker - 3 card - DIAMONDS TEN
30.10.2021 17:17:37.812 [main] INFO   e.c.o.j.p.game.Poker - 4 card - DIAMONDS KING
30.10.2021 17:17:37.813 [main] INFO   e.c.o.j.p.game.Poker - 5 card - SPADES TEN
30.10.2021 17:21:04.108 [main] INFO   e.c.o.j.p.game.Game - The game was started.
30.10.2021 17:21:04.202 [main] INFO   e.c.o.j.p.game.Poker - 1 card - CLUBS TWO
30.10.2021 17:21:04.230 [main] INFO   e.c.o.j.p.game.Poker - 2 card - SPADES FIVE
30.10.2021 17:21:04.232 [main] INFO   e.c.o.j.p.game.Poker - 3 card - DIAMONDS EIGHT
30.10.2021 17:21:04.234 [main] INFO   e.c.o.j.p.game.Poker - 4 card - CLUBS JACK
30.10.2021 17:21:04.236 [main] INFO   e.c.o.j.p.game.Poker - 5 card - SPADES KING
30.10.2021 17:21:06.649 [main] INFO   e.c.o.j.p.game.Poker - Card 1 was changed.
30.10.2021 17:21:07.126 [main] INFO   e.c.o.j.p.game.Poker - Card 2 was changed.
30.10.2021 17:21:07.485 [main] INFO   e.c.o.j.p.game.Poker - Card 3 was changed.
30.10.2021 17:21:08.056 [main] INFO   e.c.o.j.p.game.Poker - Card 4 was changed.
30.10.2021 17:21:08.812 [main] INFO   e.c.o.j.p.game.Poker - Card 5 was changed.
30.10.2021 17:21:08.813 [main] INFO   e.c.o.j.p.game.Poker - 1 card - CLUBS FIVE
30.10.2021 17:21:08.814 [main] INFO   e.c.o.j.p.game.Poker - 2 card - HEARTS EIGHT
30.10.2021 17:21:08.815 [main] INFO   e.c.o.j.p.game.Poker - 3 card - DIAMONDS SEVEN
30.10.2021 17:21:08.817 [main] INFO   e.c.o.j.p.game.Poker - 4 card - DIAMONDS QUEEN
30.10.2021 17:21:08.818 [main] INFO   e.c.o.j.p.game.Poker - 5 card - HEARTS QUEEN
30.10.2021 17:21:40.124 [main] INFO   e.c.o.j.p.game.Game - The game was started.
30.10.2021 17:21:40.211 [main] INFO   e.c.o.j.p.game.Poker - 1 card - CLUBS FIVE
30.10.2021 17:21:40.251 [main] INFO   e.c.o.j.p.game.Poker - 2 card - HEARTS FIVE
30.10.2021 17:21:40.252 [main] INFO   e.c.o.j.p.game.Poker - 3 card - CLUBS SEVEN
30.10.2021 17:21:40.253 [main] INFO   e.c.o.j.p.game.Poker - 4 card - HEARTS EIGHT
30.10.2021 17:21:40.253 [main] INFO   e.c.o.j.p.game.Poker - 5 card - CLUBS TEN
30.10.2021 17:21:42.681 [main] INFO   e.c.o.j.p.game.Poker - Card 1 was changed.
30.10.2021 17:21:43.559 [main] INFO   e.c.o.j.p.game.Poker - Card 2 was changed.
30.10.2021 17:21:44.113 [main] INFO   e.c.o.j.p.game.Poker - Card 3 was changed.
30.10.2021 17:21:44.575 [main] INFO   e.c.o.j.p.game.Poker - Card 4 was changed.
30.10.2021 17:21:45.260 [main] INFO   e.c.o.j.p.game.Poker - Card 5 was changed.
30.10.2021 17:21:45.263 [main] INFO   e.c.o.j.p.game.Poker - 1 card - DIAMONDS QUEEN
30.10.2021 17:21:45.265 [main] INFO   e.c.o.j.p.game.Poker - 2 card - HEARTS ACE
30.10.2021 17:21:45.267 [main] INFO   e.c.o.j.p.game.Poker - 3 card - CLUBS ACE
30.10.2021 17:21:45.271 [main] INFO   e.c.o.j.p.game.Poker - 4 card - HEARTS NINE
30.10.2021 17:21:45.274 [main] INFO   e.c.o.j.p.game.Poker - 5 card - DIAMONDS KING
30.10.2021 17:22:38.901 [main] INFO   e.c.o.j.p.game.Game - The game was started.
30.10.2021 17:22:39.006 [main] INFO   e.c.o.j.p.game.Poker - 1 card - CLUBS TWO
30.10.2021 17:22:39.021 [main] INFO   e.c.o.j.p.game.Poker - 2 card - CLUBS SIX
30.10.2021 17:22:39.022 [main] INFO   e.c.o.j.p.game.Poker - 3 card - HEARTS SIX
30.10.2021 17:22:39.024 [main] INFO   e.c.o.j.p.game.Poker - 4 card - CLUBS NINE
30.10.2021 17:22:39.025 [main] INFO   e.c.o.j.p.game.Poker - 5 card - SPADES JACK
30.10.2021 17:22:43.142 [main] INFO   e.c.o.j.p.game.Game - The game was started.
30.10.2021 17:22:43.259 [main] INFO   e.c.o.j.p.game.Poker - 1 card - HEARTS THREE
30.10.2021 17:22:43.339 [main] INFO   e.c.o.j.p.game.Poker - 2 card - CLUBS THREE
30.10.2021 17:22:43.345 [main] INFO   e.c.o.j.p.game.Poker - 3 card - DIAMONDS THREE
30.10.2021 17:22:43.346 [main] INFO   e.c.o.j.p.game.Poker - 4 card - HEARTS FIVE
30.10.2021 17:22:43.355 [main] INFO   e.c.o.j.p.game.Poker - 5 card - CLUBS KING
30.10.2021 17:22:54.853 [main] INFO   e.c.o.j.p.game.Game - The game was started.
30.10.2021 17:22:54.888 [main] INFO   e.c.o.j.p.game.Poker - 1 card - HEARTS THREE
30.10.2021 17:22:54.901 [main] INFO   e.c.o.j.p.game.Poker - 2 card - CLUBS FIVE
30.10.2021 17:22:54.902 [main] INFO   e.c.o.j.p.game.Poker - 3 card - DIAMONDS SIX
30.10.2021 17:22:54.903 [main] INFO   e.c.o.j.p.game.Poker - 4 card - HEARTS NINE
30.10.2021 17:22:54.904 [main] INFO   e.c.o.j.p.game.Poker - 5 card - SPADES QUEEN
30.10.2021 17:22:56.333 [main] INFO   e.c.o.j.p.game.Poker - Card 1 was changed.
30.10.2021 17:22:56.815 [main] INFO   e.c.o.j.p.game.Poker - Card 2 was changed.
30.10.2021 17:22:57.324 [main] INFO   e.c.o.j.p.game.Poker - Card 3 was changed.
30.10.2021 17:22:57.855 [main] INFO   e.c.o.j.p.game.Poker - Card 4 was changed.
30.10.2021 17:22:58.392 [main] INFO   e.c.o.j.p.game.Poker - Card 5 was changed.
30.10.2021 17:22:58.393 [main] INFO   e.c.o.j.p.game.Poker - 1 card - CLUBS NINE
30.10.2021 17:22:58.394 [main] INFO   e.c.o.j.p.game.Poker - 2 card - CLUBS JACK
30.10.2021 17:22:58.395 [main] INFO   e.c.o.j.p.game.Poker - 3 card - SPADES TEN
30.10.2021 17:22:58.396 [main] INFO   e.c.o.j.p.game.Poker - 4 card - CLUBS FOUR
30.10.2021 17:22:58.397 [main] INFO   e.c.o.j.p.game.Poker - 5 card - CLUBS TEN
30.10.2021 17:23:02.876 [main] INFO   e.c.o.j.p.game.Poker - The game was ended.
30.10.2021 17:23:31.068 [main] INFO   e.c.o.j.p.game.Game - The game was started.
30.10.2021 17:23:32.148 [main] INFO   e.c.o.j.p.game.Poker - 1 card - DIAMONDS FOUR
30.10.2021 17:23:32.256 [main] INFO   e.c.o.j.p.game.Poker - 2 card - DIAMONDS FIVE
30.10.2021 17:23:32.259 [main] INFO   e.c.o.j.p.game.Poker - 3 card - CLUBS NINE
30.10.2021 17:23:32.263 [main] INFO   e.c.o.j.p.game.Poker - 4 card - HEARTS TEN
30.10.2021 17:23:32.266 [main] INFO   e.c.o.j.p.game.Poker - 5 card - CLUBS QUEEN
30.10.2021 17:23:37.374 [main] INFO   e.c.o.j.p.game.Poker - Card 1 was changed.
30.10.2021 17:23:37.783 [main] INFO   e.c.o.j.p.game.Poker - Card 2 was changed.
30.10.2021 17:23:38.271 [main] INFO   e.c.o.j.p.game.Poker - Card 3 was changed.
30.10.2021 17:23:38.807 [main] INFO   e.c.o.j.p.game.Poker - Card 4 was changed.
30.10.2021 17:23:39.716 [main] INFO   e.c.o.j.p.game.Poker - Card 5 was changed.
30.10.2021 17:23:42.941 [main] INFO   e.c.o.j.p.game.Poker - 1 card - HEARTS JACK
30.10.2021 17:23:42.945 [main] INFO   e.c.o.j.p.game.Poker - 2 card - CLUBS FIVE
30.10.2021 17:23:42.948 [main] INFO   e.c.o.j.p.game.Poker - 3 card - SPADES TEN
30.10.2021 17:23:42.952 [main] INFO   e.c.o.j.p.game.Poker - 4 card - DIAMONDS JACK
30.10.2021 17:23:42.955 [main] INFO   e.c.o.j.p.game.Poker - 5 card - CLUBS SEVEN
30.10.2021 17:40:08.314 [main] INFO   e.c.o.j.p.game.Game - The game was started.
30.10.2021 17:40:09.923 [main] INFO   e.c.o.j.p.game.Poker - 1 card - SPADES SIX
30.10.2021 17:40:10.014 [main] INFO   e.c.o.j.p.game.Poker - 2 card - SPADES SEVEN
30.10.2021 17:40:10.017 [main] INFO   e.c.o.j.p.game.Poker - 3 card - DIAMONDS SEVEN
30.10.2021 17:40:10.020 [main] INFO   e.c.o.j.p.game.Poker - 4 card - CLUBS QUEEN
30.10.2021 17:40:10.024 [main] INFO   e.c.o.j.p.game.Poker - 5 card - HEARTS QUEEN
30.10.2021 17:40:46.652 [main] INFO   e.c.o.j.p.game.Game - The game was started.
30.10.2021 17:40:47.376 [main] INFO   e.c.o.j.p.game.Poker - 1 card - CLUBS SIX
30.10.2021 17:40:47.465 [main] INFO   e.c.o.j.p.game.Poker - 2 card - HEARTS SIX
30.10.2021 17:40:47.468 [main] INFO   e.c.o.j.p.game.Poker - 3 card - SPADES SIX
30.10.2021 17:40:47.471 [main] INFO   e.c.o.j.p.game.Poker - 4 card - HEARTS SEVEN
30.10.2021 17:40:47.474 [main] INFO   e.c.o.j.p.game.Poker - 5 card - SPADES TEN
30.10.2021 17:47:59.991 [main] INFO   e.c.o.j.p.game.Game - The game was started.
30.10.2021 17:51:54.394 [main] INFO   e.c.o.j.p.game.Poker - 1 card - DIAMONDS ACE
30.10.2021 17:51:54.473 [main] INFO   e.c.o.j.p.game.Poker - 2 card - DIAMONDS THREE
30.10.2021 17:51:54.477 [main] INFO   e.c.o.j.p.game.Poker - 3 card - HEARTS FOUR
30.10.2021 17:51:54.480 [main] INFO   e.c.o.j.p.game.Poker - 4 card - DIAMONDS JACK
30.10.2021 17:51:54.484 [main] INFO   e.c.o.j.p.game.Poker - 5 card - CLUBS KING
30.10.2021 17:52:26.462 [main] INFO   e.c.o.j.p.game.Poker - Card 1 was changed.
30.10.2021 17:52:26.824 [main] INFO   e.c.o.j.p.game.Poker - Card 2 was changed.
30.10.2021 17:52:27.204 [main] INFO   e.c.o.j.p.game.Poker - Card 3 was changed.
30.10.2021 17:52:27.612 [main] INFO   e.c.o.j.p.game.Poker - Card 4 was changed.
30.10.2021 17:52:28.385 [main] INFO   e.c.o.j.p.game.Poker - Card 5 was changed.
30.10.2021 17:53:04.438 [main] INFO   e.c.o.j.p.game.Poker - 1 card - HEARTS KING
30.10.2021 17:53:04.444 [main] INFO   e.c.o.j.p.game.Poker - 2 card - DIAMONDS FOUR
30.10.2021 17:53:04.448 [main] INFO   e.c.o.j.p.game.Poker - 3 card - CLUBS ACE
30.10.2021 17:53:04.453 [main] INFO   e.c.o.j.p.game.Poker - 4 card - SPADES KING
30.10.2021 17:53:04.456 [main] INFO   e.c.o.j.p.game.Poker - 5 card - CLUBS NINE
30.10.2021 17:54:50.694 [main] INFO   e.c.o.j.p.game.Game - The game was started.
30.10.2021 17:54:50.751 [main] INFO   e.c.o.j.p.game.Poker - 1 card - SPADES FIVE
30.10.2021 17:54:50.765 [main] INFO   e.c.o.j.p.game.Poker - 2 card - DIAMONDS SIX
30.10.2021 17:54:50.766 [main] INFO   e.c.o.j.p.game.Poker - 3 card - CLUBS NINE
30.10.2021 17:54:50.768 [main] INFO   e.c.o.j.p.game.Poker - 4 card - DIAMONDS KING
30.10.2021 17:54:50.769 [main] INFO   e.c.o.j.p.game.Poker - 5 card - CLUBS KING
30.10.2021 17:54:55.357 [main] INFO   e.c.o.j.p.game.Poker - Card 1 was changed.
30.10.2021 17:54:55.818 [main] INFO   e.c.o.j.p.game.Poker - Card 2 was changed.
30.10.2021 17:54:56.317 [main] INFO   e.c.o.j.p.game.Poker - Card 3 was changed.
30.10.2021 17:54:56.821 [main] INFO   e.c.o.j.p.game.Poker - Card 4 was changed.
30.10.2021 17:54:57.582 [main] INFO   e.c.o.j.p.game.Poker - Card 5 was changed.
30.10.2021 17:54:57.583 [main] INFO   e.c.o.j.p.game.Poker - 1 card - HEARTS THREE
30.10.2021 17:54:57.584 [main] INFO   e.c.o.j.p.game.Poker - 2 card - DIAMONDS FIVE
30.10.2021 17:54:57.585 [main] INFO   e.c.o.j.p.game.Poker - 3 card - HEARTS FIVE
30.10.2021 17:54:57.588 [main] INFO   e.c.o.j.p.game.Poker - 4 card - SPADES JACK
30.10.2021 17:54:57.589 [main] INFO   e.c.o.j.p.game.Poker - 5 card - CLUBS QUEEN
30.10.2021 17:55:09.534 [main] INFO   e.c.o.j.p.game.Game - The game was started.
30.10.2021 17:55:09.538 [main] INFO   e.c.o.j.p.game.Poker - 1 card - CLUBS TWO
30.10.2021 17:55:09.540 [main] INFO   e.c.o.j.p.game.Poker - 2 card - SPADES THREE
30.10.2021 17:55:09.541 [main] INFO   e.c.o.j.p.game.Poker - 3 card - SPADES NINE
30.10.2021 17:55:09.543 [main] INFO   e.c.o.j.p.game.Poker - 4 card - HEARTS TEN
30.10.2021 17:55:09.544 [main] INFO   e.c.o.j.p.game.Poker - 5 card - DIAMONDS KING
30.10.2021 17:55:20.509 [main] INFO   e.c.o.j.p.game.Poker - Card 1 was changed.
30.10.2021 17:55:21.293 [main] INFO   e.c.o.j.p.game.Poker - Card 2 was changed.
30.10.2021 17:55:22.302 [main] INFO   e.c.o.j.p.game.Poker - Card 3 not changed.
30.10.2021 17:55:22.789 [main] INFO   e.c.o.j.p.game.Poker - Card 4 not changed.
30.10.2021 17:55:23.920 [main] INFO   e.c.o.j.p.game.Poker - Card 5 not changed.
30.10.2021 17:55:23.922 [main] INFO   e.c.o.j.p.game.Poker - 1 card - DIAMONDS EIGHT
30.10.2021 17:55:23.923 [main] INFO   e.c.o.j.p.game.Poker - 2 card - SPADES NINE
30.10.2021 17:55:23.924 [main] INFO   e.c.o.j.p.game.Poker - 3 card - HEARTS TEN
30.10.2021 17:55:23.925 [main] INFO   e.c.o.j.p.game.Poker - 4 card - HEARTS KING
30.10.2021 17:55:23.926 [main] INFO   e.c.o.j.p.game.Poker - 5 card - DIAMONDS KING
30.10.2021 17:55:42.813 [main] INFO   e.c.o.j.p.game.Game - The game was started.
30.10.2021 17:55:42.815 [main] INFO   e.c.o.j.p.game.Poker - 1 card - HEARTS ACE
30.10.2021 17:55:42.816 [main] INFO   e.c.o.j.p.game.Poker - 2 card - CLUBS THREE
30.10.2021 17:55:42.817 [main] INFO   e.c.o.j.p.game.Poker - 3 card - SPADES THREE
30.10.2021 17:55:42.818 [main] INFO   e.c.o.j.p.game.Poker - 4 card - HEARTS NINE
30.10.2021 17:55:42.819 [main] INFO   e.c.o.j.p.game.Poker - 5 card - SPADES KING
30.10.2021 17:55:44.142 [main] INFO   e.c.o.j.p.game.Poker - Card 1 not changed.
30.10.2021 17:55:44.536 [main] INFO   e.c.o.j.p.game.Poker - Card 2 not changed.
30.10.2021 17:55:44.884 [main] INFO   e.c.o.j.p.game.Poker - Card 3 not changed.
30.10.2021 17:55:45.214 [main] INFO   e.c.o.j.p.game.Poker - Card 4 not changed.
30.10.2021 17:55:45.523 [main] INFO   e.c.o.j.p.game.Poker - Card 5 not changed.
30.10.2021 17:55:45.524 [main] INFO   e.c.o.j.p.game.Poker - 1 card - HEARTS ACE
30.10.2021 17:55:45.525 [main] INFO   e.c.o.j.p.game.Poker - 2 card - CLUBS THREE
30.10.2021 17:55:45.526 [main] INFO   e.c.o.j.p.game.Poker - 3 card - SPADES THREE
30.10.2021 17:55:45.527 [main] INFO   e.c.o.j.p.game.Poker - 4 card - HEARTS NINE
30.10.2021 17:55:45.528 [main] INFO   e.c.o.j.p.game.Poker - 5 card - SPADES KING
30.10.2021 17:55:56.491 [main] INFO   e.c.o.j.p.game.Game - The game was started.
30.10.2021 17:55:56.494 [main] INFO   e.c.o.j.p.game.Poker - 1 card - HEARTS THREE
30.10.2021 17:55:56.495 [main] INFO   e.c.o.j.p.game.Poker - 2 card - HEARTS SIX
30.10.2021 17:55:56.498 [main] INFO   e.c.o.j.p.game.Poker - 3 card - SPADES SEVEN
30.10.2021 17:55:56.499 [main] INFO   e.c.o.j.p.game.Poker - 4 card - SPADES EIGHT
30.10.2021 17:55:56.500 [main] INFO   e.c.o.j.p.game.Poker - 5 card - HEARTS EIGHT
30.10.2021 17:55:58.089 [main] INFO   e.c.o.j.p.game.Poker - Card 1 not changed.
30.10.2021 17:55:58.584 [main] INFO   e.c.o.j.p.game.Poker - Card 2 not changed.
30.10.2021 17:55:59.071 [main] INFO   e.c.o.j.p.game.Poker - Card 3 not changed.
30.10.2021 17:55:59.543 [main] INFO   e.c.o.j.p.game.Poker - Card 4 not changed.
30.10.2021 17:56:00.183 [main] INFO   e.c.o.j.p.game.Poker - Card 5 not changed.
30.10.2021 17:56:00.184 [main] INFO   e.c.o.j.p.game.Poker - 1 card - HEARTS THREE
30.10.2021 17:56:00.185 [main] INFO   e.c.o.j.p.game.Poker - 2 card - HEARTS SIX
30.10.2021 17:56:00.186 [main] INFO   e.c.o.j.p.game.Poker - 3 card - SPADES SEVEN
30.10.2021 17:56:00.187 [main] INFO   e.c.o.j.p.game.Poker - 4 card - SPADES EIGHT
30.10.2021 17:56:00.188 [main] INFO   e.c.o.j.p.game.Poker - 5 card - HEARTS EIGHT
30.10.2021 17:56:03.434 [main] INFO   e.c.o.j.p.game.Game - The game was started.
30.10.2021 17:56:03.436 [main] INFO   e.c.o.j.p.game.Poker - 1 card - CLUBS THREE
30.10.2021 17:56:03.438 [main] INFO   e.c.o.j.p.game.Poker - 2 card - CLUBS FOUR
30.10.2021 17:56:03.439 [main] INFO   e.c.o.j.p.game.Poker - 3 card - SPADES SEVEN
30.10.2021 17:56:03.442 [main] INFO   e.c.o.j.p.game.Poker - 4 card - DIAMONDS JACK
30.10.2021 17:56:03.442 [main] INFO   e.c.o.j.p.game.Poker - 5 card - DIAMONDS QUEEN
30.10.2021 17:56:04.737 [main] INFO   e.c.o.j.p.game.Poker - Card 1 not changed.
30.10.2021 17:56:05.154 [main] INFO   e.c.o.j.p.game.Poker - Card 2 not changed.
30.10.2021 17:56:05.558 [main] INFO   e.c.o.j.p.game.Poker - Card 3 not changed.
30.10.2021 17:56:05.908 [main] INFO   e.c.o.j.p.game.Poker - Card 4 not changed.
30.10.2021 17:56:06.326 [main] INFO   e.c.o.j.p.game.Poker - Card 5 not changed.
30.10.2021 17:56:06.327 [main] INFO   e.c.o.j.p.game.Poker - 1 card - CLUBS THREE
30.10.2021 17:56:06.328 [main] INFO   e.c.o.j.p.game.Poker - 2 card - CLUBS FOUR
30.10.2021 17:56:06.328 [main] INFO   e.c.o.j.p.game.Poker - 3 card - SPADES SEVEN
30.10.2021 17:56:06.329 [main] INFO   e.c.o.j.p.game.Poker - 4 card - DIAMONDS JACK
30.10.2021 17:56:06.329 [main] INFO   e.c.o.j.p.game.Poker - 5 card - DIAMONDS QUEEN
30.10.2021 18:00:10.156 [main] INFO   e.c.o.j.p.game.Game - The game was started.
30.10.2021 18:00:10.280 [main] INFO   e.c.o.j.p.game.Game - The game was started.
30.10.2021 18:00:10.297 [main] INFO   e.c.o.j.p.game.Game - The game was started.
30.10.2021 18:00:54.102 [main] INFO   e.c.o.j.p.game.Game - The game was started.
30.10.2021 18:00:54.235 [main] INFO   e.c.o.j.p.game.Game - The game was started.
30.10.2021 18:00:54.263 [main] INFO   e.c.o.j.p.game.Game - The game was started.
30.10.2021 18:02:10.236 [main] INFO   e.c.o.j.p.game.Game - The game was started.
30.10.2021 18:03:48.667 [main] INFO   e.c.o.j.p.game.Game - The game was started.
30.10.2021 18:03:48.725 [main] INFO   e.c.o.j.p.game.Game - The game was started.
30.10.2021 18:04:46.757 [main] INFO   e.c.o.j.p.game.Game - The game was started.
30.10.2021 18:04:46.789 [main] INFO   e.c.o.j.p.game.Game - The game was started.
30.10.2021 18:16:27.897 [main] INFO   e.c.o.j.p.game.Game - The game was started.
30.10.2021 18:16:27.934 [main] INFO   e.c.o.j.p.game.Poker - 1 card - DIAMONDS THREE
30.10.2021 18:16:27.952 [main] INFO   e.c.o.j.p.game.Poker - 2 card - SPADES SEVEN
30.10.2021 18:16:27.952 [main] INFO   e.c.o.j.p.game.Poker - 3 card - CLUBS EIGHT
30.10.2021 18:16:27.953 [main] INFO   e.c.o.j.p.game.Poker - 4 card - DIAMONDS NINE
30.10.2021 18:16:27.953 [main] INFO   e.c.o.j.p.game.Poker - 5 card - HEARTS KING
30.10.2021 18:16:32.084 [main] INFO   e.c.o.j.p.game.Poker - Card 1 was changed.
30.10.2021 18:16:32.540 [main] INFO   e.c.o.j.p.game.Poker - Card 2 was changed.
30.10.2021 18:16:33.004 [main] INFO   e.c.o.j.p.game.Poker - Card 3 was changed.
30.10.2021 18:16:33.506 [main] INFO   e.c.o.j.p.game.Poker - Card 4 was changed.
30.10.2021 18:16:34.289 [main] INFO   e.c.o.j.p.game.Poker - Card 5 was changed.
30.10.2021 18:16:34.291 [main] INFO   e.c.o.j.p.game.Poker - 1 card - HEARTS ACE
30.10.2021 18:16:34.292 [main] INFO   e.c.o.j.p.game.Poker - 2 card - SPADES ACE
30.10.2021 18:16:34.293 [main] INFO   e.c.o.j.p.game.Poker - 3 card - HEARTS SEVEN
30.10.2021 18:16:34.295 [main] INFO   e.c.o.j.p.game.Poker - 4 card - CLUBS QUEEN
30.10.2021 18:16:34.296 [main] INFO   e.c.o.j.p.game.Poker - 5 card - CLUBS KING
30.10.2021 18:16:56.065 [main] INFO   e.c.o.j.p.game.Poker - The game was ended.
30.10.2021 18:17:02.710 [main] INFO   e.c.o.j.p.game.Game - The game was started.
30.10.2021 18:17:02.763 [main] INFO   e.c.o.j.p.game.Poker - 1 card - DIAMONDS ACE
30.10.2021 18:17:02.777 [main] INFO   e.c.o.j.p.game.Poker - 2 card - HEARTS TWO
30.10.2021 18:17:02.779 [main] INFO   e.c.o.j.p.game.Poker - 3 card - DIAMONDS FOUR
30.10.2021 18:17:02.780 [main] INFO   e.c.o.j.p.game.Poker - 4 card - HEARTS FOUR
30.10.2021 18:17:02.781 [main] INFO   e.c.o.j.p.game.Poker - 5 card - DIAMONDS TEN
30.10.2021 18:17:18.827 [main] INFO   e.c.o.j.p.game.Poker - Card 1 not changed.
30.10.2021 18:17:19.213 [main] INFO   e.c.o.j.p.game.Poker - Card 2 not changed.
30.10.2021 18:17:19.536 [main] INFO   e.c.o.j.p.game.Poker - Card 3 not changed.
30.10.2021 18:17:19.802 [main] INFO   e.c.o.j.p.game.Poker - Card 4 not changed.
30.10.2021 18:17:20.633 [main] INFO   e.c.o.j.p.game.Poker - Card 5 not changed.
30.10.2021 18:17:20.634 [main] INFO   e.c.o.j.p.game.Poker - 1 card - DIAMONDS ACE
30.10.2021 18:17:20.637 [main] INFO   e.c.o.j.p.game.Poker - 2 card - HEARTS TWO
30.10.2021 18:17:20.638 [main] INFO   e.c.o.j.p.game.Poker - 3 card - DIAMONDS FOUR
30.10.2021 18:17:20.640 [main] INFO   e.c.o.j.p.game.Poker - 4 card - HEARTS FOUR
30.10.2021 18:17:20.640 [main] INFO   e.c.o.j.p.game.Poker - 5 card - DIAMONDS TEN
30.10.2021 18:24:42.090 [main] INFO   e.c.o.j.p.game.Game - The game was started.
30.10.2021 18:24:42.124 [main] INFO   e.c.o.j.p.game.Poker - 1 card - SPADES ACE
30.10.2021 18:24:42.135 [main] INFO   e.c.o.j.p.game.Poker - 2 card - SPADES SEVEN
30.10.2021 18:24:42.136 [main] INFO   e.c.o.j.p.game.Poker - 3 card - DIAMONDS EIGHT
30.10.2021 18:24:42.136 [main] INFO   e.c.o.j.p.game.Poker - 4 card - HEARTS KING
30.10.2021 18:24:42.137 [main] INFO   e.c.o.j.p.game.Poker - 5 card - SPADES KING
30.10.2021 18:24:59.275 [main] INFO   e.c.o.j.p.game.Poker - Card 1 was changed.
30.10.2021 18:25:00.058 [main] INFO   e.c.o.j.p.game.Poker - Card 2 was changed.
30.10.2021 18:25:00.817 [main] INFO   e.c.o.j.p.game.Poker - Card 3 was changed.
30.10.2021 18:25:01.901 [main] INFO   e.c.o.j.p.game.Poker - Card 4 not changed.
30.10.2021 18:25:02.866 [main] INFO   e.c.o.j.p.game.Poker - Card 5 not changed.
30.10.2021 18:25:02.867 [main] INFO   e.c.o.j.p.game.Poker - 1 card - CLUBS FIVE
30.10.2021 18:25:02.868 [main] INFO   e.c.o.j.p.game.Poker - 2 card - HEARTS EIGHT
30.10.2021 18:25:02.870 [main] INFO   e.c.o.j.p.game.Poker - 3 card - CLUBS JACK
30.10.2021 18:25:02.871 [main] INFO   e.c.o.j.p.game.Poker - 4 card - HEARTS KING
30.10.2021 18:25:02.872 [main] INFO   e.c.o.j.p.game.Poker - 5 card - SPADES KING
30.10.2021 18:25:30.636 [main] INFO   e.c.o.j.p.game.Game - The game was started.
30.10.2021 18:25:30.637 [main] INFO   e.c.o.j.p.game.Poker - 1 card - DIAMONDS THREE
30.10.2021 18:25:30.639 [main] INFO   e.c.o.j.p.game.Poker - 2 card - CLUBS SIX
30.10.2021 18:25:30.640 [main] INFO   e.c.o.j.p.game.Poker - 3 card - HEARTS NINE
30.10.2021 18:25:30.641 [main] INFO   e.c.o.j.p.game.Poker - 4 card - SPADES TEN
30.10.2021 18:25:30.642 [main] INFO   e.c.o.j.p.game.Poker - 5 card - CLUBS TEN
30.10.2021 18:25:36.278 [main] INFO   e.c.o.j.p.game.Poker - Card 1 not changed.
30.10.2021 18:25:36.578 [main] INFO   e.c.o.j.p.game.Poker - Card 2 not changed.
30.10.2021 18:25:36.856 [main] INFO   e.c.o.j.p.game.Poker - Card 3 not changed.
30.10.2021 18:25:37.132 [main] INFO   e.c.o.j.p.game.Poker - Card 4 not changed.
30.10.2021 18:25:38.075 [main] INFO   e.c.o.j.p.game.Poker - Card 5 not changed.
30.10.2021 18:25:38.076 [main] INFO   e.c.o.j.p.game.Poker - 1 card - DIAMONDS THREE
30.10.2021 18:25:38.077 [main] INFO   e.c.o.j.p.game.Poker - 2 card - CLUBS SIX
30.10.2021 18:25:38.078 [main] INFO   e.c.o.j.p.game.Poker - 3 card - HEARTS NINE
30.10.2021 18:25:38.079 [main] INFO   e.c.o.j.p.game.Poker - 4 card - SPADES TEN
30.10.2021 18:25:38.080 [main] INFO   e.c.o.j.p.game.Poker - 5 card - CLUBS TEN
30.10.2021 18:25:42.584 [main] INFO   e.c.o.j.p.game.Game - The game was started.
30.10.2021 18:25:42.586 [main] INFO   e.c.o.j.p.game.Poker - 1 card - SPADES TWO
30.10.2021 18:25:42.587 [main] INFO   e.c.o.j.p.game.Poker - 2 card - DIAMONDS TWO
30.10.2021 18:25:42.589 [main] INFO   e.c.o.j.p.game.Poker - 3 card - CLUBS FOUR
30.10.2021 18:25:42.590 [main] INFO   e.c.o.j.p.game.Poker - 4 card - DIAMONDS SIX
30.10.2021 18:25:42.591 [main] INFO   e.c.o.j.p.game.Poker - 5 card - SPADES EIGHT
30.10.2021 18:25:46.735 [main] INFO   e.c.o.j.p.game.Poker - Card 1 not changed.
30.10.2021 18:25:47.132 [main] INFO   e.c.o.j.p.game.Poker - Card 2 not changed.
30.10.2021 18:25:47.548 [main] INFO   e.c.o.j.p.game.Poker - Card 3 not changed.
30.10.2021 18:25:48.019 [main] INFO   e.c.o.j.p.game.Poker - Card 4 not changed.
30.10.2021 18:25:48.693 [main] INFO   e.c.o.j.p.game.Poker - Card 5 not changed.
30.10.2021 18:25:48.694 [main] INFO   e.c.o.j.p.game.Poker - 1 card - SPADES TWO
30.10.2021 18:25:48.698 [main] INFO   e.c.o.j.p.game.Poker - 2 card - DIAMONDS TWO
30.10.2021 18:25:48.699 [main] INFO   e.c.o.j.p.game.Poker - 3 card - CLUBS FOUR
30.10.2021 18:25:48.700 [main] INFO   e.c.o.j.p.game.Poker - 4 card - DIAMONDS SIX
30.10.2021 18:25:48.701 [main] INFO   e.c.o.j.p.game.Poker - 5 card - SPADES EIGHT
30.10.2021 18:25:56.231 [main] INFO   e.c.o.j.p.game.Game - The game was started.
30.10.2021 18:25:56.233 [main] INFO   e.c.o.j.p.game.Poker - 1 card - CLUBS TWO
30.10.2021 18:25:56.234 [main] INFO   e.c.o.j.p.game.Poker - 2 card - HEARTS FOUR
30.10.2021 18:25:56.235 [main] INFO   e.c.o.j.p.game.Poker - 3 card - CLUBS FIVE
30.10.2021 18:25:56.236 [main] INFO   e.c.o.j.p.game.Poker - 4 card - DIAMONDS EIGHT
30.10.2021 18:25:56.237 [main] INFO   e.c.o.j.p.game.Poker - 5 card - HEARTS JACK
30.10.2021 18:26:01.509 [main] INFO   e.c.o.j.p.game.Poker - Card 1 not changed.
30.10.2021 18:26:02.009 [main] INFO   e.c.o.j.p.game.Poker - Card 2 not changed.
30.10.2021 18:26:02.513 [main] INFO   e.c.o.j.p.game.Poker - Card 3 not changed.
30.10.2021 18:26:03.032 [main] INFO   e.c.o.j.p.game.Poker - Card 4 not changed.
30.10.2021 18:26:03.774 [main] INFO   e.c.o.j.p.game.Poker - Card 5 not changed.
30.10.2021 18:26:03.775 [main] INFO   e.c.o.j.p.game.Poker - 1 card - CLUBS TWO
30.10.2021 18:26:03.777 [main] INFO   e.c.o.j.p.game.Poker - 2 card - HEARTS FOUR
30.10.2021 18:26:03.778 [main] INFO   e.c.o.j.p.game.Poker - 3 card - CLUBS FIVE
30.10.2021 18:26:03.779 [main] INFO   e.c.o.j.p.game.Poker - 4 card - DIAMONDS EIGHT
30.10.2021 18:26:03.781 [main] INFO   e.c.o.j.p.game.Poker - 5 card - HEARTS JACK
30.10.2021 18:26:13.722 [main] INFO   e.c.o.j.p.game.Poker - The game was ended.
30.10.2021 18:26:21.259 [main] INFO   e.c.o.j.p.game.Game - The game was started.
30.10.2021 18:26:21.327 [main] INFO   e.c.o.j.p.game.Poker - 1 card - DIAMONDS FIVE
30.10.2021 18:26:21.364 [main] INFO   e.c.o.j.p.game.Poker - 2 card - HEARTS SIX
30.10.2021 18:26:21.365 [main] INFO   e.c.o.j.p.game.Poker - 3 card - SPADES SEVEN
30.10.2021 18:26:21.366 [main] INFO   e.c.o.j.p.game.Poker - 4 card - SPADES QUEEN
30.10.2021 18:26:21.367 [main] INFO   e.c.o.j.p.game.Poker - 5 card - CLUBS QUEEN
30.10.2021 18:26:55.437 [main] INFO   e.c.o.j.p.game.Poker - Card 1 not changed.
30.10.2021 18:26:55.935 [main] INFO   e.c.o.j.p.game.Poker - Card 2 not changed.
30.10.2021 18:26:56.623 [main] INFO   e.c.o.j.p.game.Poker - Card 3 not changed.
30.10.2021 18:26:58.096 [main] INFO   e.c.o.j.p.game.Poker - Card 4 was changed.
30.10.2021 18:26:58.641 [main] INFO   e.c.o.j.p.game.Poker - Card 5 was changed.
30.10.2021 18:26:58.643 [main] INFO   e.c.o.j.p.game.Poker - 1 card - CLUBS TWO
30.10.2021 18:26:58.645 [main] INFO   e.c.o.j.p.game.Poker - 2 card - DIAMONDS FIVE
30.10.2021 18:26:58.646 [main] INFO   e.c.o.j.p.game.Poker - 3 card - HEARTS SIX
30.10.2021 18:26:58.648 [main] INFO   e.c.o.j.p.game.Poker - 4 card - SPADES SEVEN
30.10.2021 18:26:58.650 [main] INFO   e.c.o.j.p.game.Poker - 5 card - CLUBS EIGHT
30.10.2021 18:42:36.278 [main] INFO   e.c.o.j.p.game.Poker - The game was ended.
